{"C:\\Users\\Thinh Pham\\Desktop\\New folder\\VolunteerActivities\\api\\controllers\\assignmentController.js": {"path":"C:\\Users\\Thinh Pham\\Desktop\\New folder\\VolunteerActivities\\api\\controllers\\assignmentController.js","statementMap":{"0":{"start":{"line":1,"column":17},"end":{"line":1,"column":36}},"1":{"start":{"line":2,"column":14},"end":{"line":2,"column":45}},"2":{"start":{"line":3,"column":20},"end":{"line":3,"column":57}},"3":{"start":{"line":4,"column":21},"end":{"line":4,"column":59}},"4":{"start":{"line":5,"column":28},"end":{"line":5,"column":36}},"5":{"start":{"line":7,"column":25},"end":{"line":20,"column":1}},"6":{"start":{"line":8,"column":22},"end":{"line":8,"column":72}},"7":{"start":{"line":9,"column":4},"end":{"line":12,"column":5}},"8":{"start":{"line":10,"column":8},"end":{"line":10,"column":66}},"9":{"start":{"line":11,"column":8},"end":{"line":11,"column":15}},"10":{"start":{"line":13,"column":28},"end":{"line":17,"column":6}},"11":{"start":{"line":18,"column":4},"end":{"line":18,"column":33}},"12":{"start":{"line":19,"column":4},"end":{"line":19,"column":74}},"13":{"start":{"line":22,"column":31},"end":{"line":60,"column":1}},"14":{"start":{"line":23,"column":37},"end":{"line":23,"column":45}},"15":{"start":{"line":25,"column":4},"end":{"line":27,"column":5}},"16":{"start":{"line":26,"column":8},"end":{"line":26,"column":81}},"17":{"start":{"line":29,"column":4},"end":{"line":59,"column":5}},"18":{"start":{"line":30,"column":26},"end":{"line":30,"column":76}},"19":{"start":{"line":31,"column":22},"end":{"line":31,"column":51}},"20":{"start":{"line":33,"column":8},"end":{"line":35,"column":9}},"21":{"start":{"line":34,"column":12},"end":{"line":34,"column":85}},"22":{"start":{"line":37,"column":8},"end":{"line":41,"column":9}},"23":{"start":{"line":38,"column":12},"end":{"line":38,"column":60}},"24":{"start":{"line":40,"column":12},"end":{"line":40,"column":95}},"25":{"start":{"line":43,"column":8},"end":{"line":47,"column":9}},"26":{"start":{"line":44,"column":12},"end":{"line":44,"column":53}},"27":{"start":{"line":46,"column":12},"end":{"line":46,"column":101}},"28":{"start":{"line":49,"column":8},"end":{"line":49,"column":27}},"29":{"start":{"line":50,"column":8},"end":{"line":50,"column":31}},"30":{"start":{"line":52,"column":24},"end":{"line":52,"column":98}},"31":{"start":{"line":53,"column":8},"end":{"line":53,"column":67}},"32":{"start":{"line":55,"column":8},"end":{"line":55,"column":86}},"33":{"start":{"line":57,"column":8},"end":{"line":57,"column":64}},"34":{"start":{"line":58,"column":8},"end":{"line":58,"column":67}},"35":{"start":{"line":62,"column":0},"end":{"line":64,"column":2}}},"fnMap":{"0":{"name":"(anonymous_0)","decl":{"start":{"line":7,"column":25},"end":{"line":7,"column":26}},"loc":{"start":{"line":7,"column":63},"end":{"line":20,"column":1}},"line":7},"1":{"name":"(anonymous_1)","decl":{"start":{"line":22,"column":31},"end":{"line":22,"column":32}},"loc":{"start":{"line":22,"column":51},"end":{"line":60,"column":1}},"line":22}},"branchMap":{"0":{"loc":{"start":{"line":9,"column":4},"end":{"line":12,"column":5}},"type":"if","locations":[{"start":{"line":9,"column":4},"end":{"line":12,"column":5}},{"start":{},"end":{}}],"line":9},"1":{"loc":{"start":{"line":25,"column":4},"end":{"line":27,"column":5}},"type":"if","locations":[{"start":{"line":25,"column":4},"end":{"line":27,"column":5}},{"start":{},"end":{}}],"line":25},"2":{"loc":{"start":{"line":33,"column":8},"end":{"line":35,"column":9}},"type":"if","locations":[{"start":{"line":33,"column":8},"end":{"line":35,"column":9}},{"start":{},"end":{}}],"line":33},"3":{"loc":{"start":{"line":33,"column":12},"end":{"line":33,"column":32}},"type":"binary-expr","locations":[{"start":{"line":33,"column":12},"end":{"line":33,"column":22}},{"start":{"line":33,"column":26},"end":{"line":33,"column":32}}],"line":33},"4":{"loc":{"start":{"line":37,"column":8},"end":{"line":41,"column":9}},"type":"if","locations":[{"start":{"line":37,"column":8},"end":{"line":41,"column":9}},{"start":{"line":39,"column":15},"end":{"line":41,"column":9}}],"line":37},"5":{"loc":{"start":{"line":43,"column":8},"end":{"line":47,"column":9}},"type":"if","locations":[{"start":{"line":43,"column":8},"end":{"line":47,"column":9}},{"start":{"line":45,"column":15},"end":{"line":47,"column":9}}],"line":43}},"s":{"0":1,"1":1,"2":1,"3":1,"4":1,"5":1,"6":1,"7":1,"8":0,"9":0,"10":1,"11":1,"12":1,"13":1,"14":4,"15":4,"16":1,"17":3,"18":3,"19":3,"20":3,"21":1,"22":2,"23":1,"24":1,"25":1,"26":1,"27":0,"28":1,"29":1,"30":1,"31":1,"32":1,"33":0,"34":0,"35":1},"f":{"0":1,"1":4},"b":{"0":[0,1],"1":[1,3],"2":[1,2],"3":[3,2],"4":[1,1],"5":[1,0]},"_coverageSchema":"1a1c01bbd47fc00a2c39e90264f33305004495a9","hash":"d87912ef1b287f63f324530c17d5bd71553ef810"}
,"C:\\Users\\Thinh Pham\\Desktop\\New folder\\VolunteerActivities\\api\\controllers\\createUserProfileController.js": {"path":"C:\\Users\\Thinh Pham\\Desktop\\New folder\\VolunteerActivities\\api\\controllers\\createUserProfileController.js","statementMap":{"0":{"start":{"line":1,"column":20},"end":{"line":1,"column":57}},"1":{"start":{"line":19,"column":26},"end":{"line":42,"column":1}},"2":{"start":{"line":20,"column":34},"end":{"line":20,"column":42}},"3":{"start":{"line":21,"column":2},"end":{"line":41,"column":3}},"4":{"start":{"line":22,"column":18},"end":{"line":22,"column":55}},"5":{"start":{"line":24,"column":4},"end":{"line":37,"column":5}},"6":{"start":{"line":26,"column":50},"end":{"line":26,"column":57}},"7":{"start":{"line":27,"column":6},"end":{"line":27,"column":42}},"8":{"start":{"line":28,"column":6},"end":{"line":28,"column":46}},"9":{"start":{"line":29,"column":6},"end":{"line":29,"column":48}},"10":{"start":{"line":30,"column":6},"end":{"line":30,"column":27}},"11":{"start":{"line":31,"column":6},"end":{"line":31,"column":79}},"12":{"start":{"line":34,"column":6},"end":{"line":34,"column":101}},"13":{"start":{"line":35,"column":6},"end":{"line":35,"column":27}},"14":{"start":{"line":36,"column":6},"end":{"line":36,"column":79}},"15":{"start":{"line":39,"column":4},"end":{"line":39,"column":61}},"16":{"start":{"line":40,"column":4},"end":{"line":40,"column":63}},"17":{"start":{"line":54,"column":23},"end":{"line":67,"column":1}},"18":{"start":{"line":55,"column":19},"end":{"line":55,"column":29}},"19":{"start":{"line":57,"column":2},"end":{"line":66,"column":3}},"20":{"start":{"line":58,"column":20},"end":{"line":58,"column":55}},"21":{"start":{"line":59,"column":4},"end":{"line":61,"column":5}},"22":{"start":{"line":60,"column":6},"end":{"line":60,"column":65}},"23":{"start":{"line":62,"column":4},"end":{"line":62,"column":22}},"24":{"start":{"line":64,"column":4},"end":{"line":64,"column":52}},"25":{"start":{"line":65,"column":4},"end":{"line":65,"column":63}},"26":{"start":{"line":69,"column":0},"end":{"line":72,"column":2}}},"fnMap":{"0":{"name":"(anonymous_0)","decl":{"start":{"line":19,"column":26},"end":{"line":19,"column":27}},"loc":{"start":{"line":19,"column":46},"end":{"line":42,"column":1}},"line":19},"1":{"name":"(anonymous_1)","decl":{"start":{"line":54,"column":23},"end":{"line":54,"column":24}},"loc":{"start":{"line":54,"column":42},"end":{"line":67,"column":1}},"line":54}},"branchMap":{"0":{"loc":{"start":{"line":24,"column":4},"end":{"line":37,"column":5}},"type":"if","locations":[{"start":{"line":24,"column":4},"end":{"line":37,"column":5}},{"start":{"line":32,"column":11},"end":{"line":37,"column":5}}],"line":24},"1":{"loc":{"start":{"line":59,"column":4},"end":{"line":61,"column":5}},"type":"if","locations":[{"start":{"line":59,"column":4},"end":{"line":61,"column":5}},{"start":{},"end":{}}],"line":59}},"s":{"0":1,"1":1,"2":4,"3":4,"4":4,"5":4,"6":1,"7":1,"8":1,"9":1,"10":1,"11":1,"12":3,"13":3,"14":3,"15":0,"16":0,"17":1,"18":2,"19":2,"20":2,"21":2,"22":1,"23":1,"24":0,"25":0,"26":1},"f":{"0":4,"1":2},"b":{"0":[1,3],"1":[1,1]},"_coverageSchema":"1a1c01bbd47fc00a2c39e90264f33305004495a9","hash":"ea2fb74764922d94ee6f3b6d4ac0e1d0d6b4b90f"}
,"C:\\Users\\Thinh Pham\\Desktop\\New folder\\VolunteerActivities\\api\\controllers\\eventController.js": {"path":"C:\\Users\\Thinh Pham\\Desktop\\New folder\\VolunteerActivities\\api\\controllers\\eventController.js","statementMap":{"0":{"start":{"line":1,"column":15},"end":{"line":1,"column":40}},"1":{"start":{"line":2,"column":19},"end":{"line":2,"column":48}},"2":{"start":{"line":3,"column":14},"end":{"line":3,"column":45}},"3":{"start":{"line":4,"column":20},"end":{"line":4,"column":57}},"4":{"start":{"line":110,"column":18},"end":{"line":128,"column":1}},"5":{"start":{"line":111,"column":51},"end":{"line":111,"column":60}},"6":{"start":{"line":113,"column":2},"end":{"line":127,"column":3}},"7":{"start":{"line":114,"column":18},"end":{"line":114,"column":80}},"8":{"start":{"line":115,"column":19},"end":{"line":117,"column":32}},"9":{"start":{"line":118,"column":18},"end":{"line":118,"column":51}},"10":{"start":{"line":120,"column":4},"end":{"line":123,"column":7}},"11":{"start":{"line":125,"column":4},"end":{"line":125,"column":51}},"12":{"start":{"line":126,"column":4},"end":{"line":126,"column":63}},"13":{"start":{"line":130,"column":20},"end":{"line":139,"column":1}},"14":{"start":{"line":131,"column":19},"end":{"line":131,"column":38}},"15":{"start":{"line":132,"column":2},"end":{"line":138,"column":3}},"16":{"start":{"line":133,"column":4},"end":{"line":133,"column":26}},"17":{"start":{"line":134,"column":4},"end":{"line":134,"column":35}},"18":{"start":{"line":136,"column":4},"end":{"line":136,"column":49}},"19":{"start":{"line":137,"column":4},"end":{"line":137,"column":61}},"20":{"start":{"line":141,"column":26},"end":{"line":153,"column":1}},"21":{"start":{"line":142,"column":24},"end":{"line":142,"column":34}},"22":{"start":{"line":143,"column":2},"end":{"line":152,"column":3}},"23":{"start":{"line":144,"column":22},"end":{"line":144,"column":70}},"24":{"start":{"line":145,"column":4},"end":{"line":147,"column":5}},"25":{"start":{"line":146,"column":6},"end":{"line":146,"column":67}},"26":{"start":{"line":148,"column":4},"end":{"line":148,"column":39}},"27":{"start":{"line":150,"column":4},"end":{"line":150,"column":55}},"28":{"start":{"line":151,"column":4},"end":{"line":151,"column":60}},"29":{"start":{"line":155,"column":27},"end":{"line":167,"column":1}},"30":{"start":{"line":156,"column":24},"end":{"line":156,"column":34}},"31":{"start":{"line":157,"column":2},"end":{"line":166,"column":3}},"32":{"start":{"line":158,"column":22},"end":{"line":158,"column":70}},"33":{"start":{"line":159,"column":4},"end":{"line":161,"column":5}},"34":{"start":{"line":160,"column":6},"end":{"line":160,"column":67}},"35":{"start":{"line":162,"column":4},"end":{"line":162,"column":40}},"36":{"start":{"line":164,"column":4},"end":{"line":164,"column":56}},"37":{"start":{"line":165,"column":4},"end":{"line":165,"column":60}},"38":{"start":{"line":169,"column":21},"end":{"line":181,"column":1}},"39":{"start":{"line":170,"column":20},"end":{"line":170,"column":30}},"40":{"start":{"line":171,"column":2},"end":{"line":180,"column":3}},"41":{"start":{"line":172,"column":18},"end":{"line":172,"column":47}},"42":{"start":{"line":173,"column":4},"end":{"line":175,"column":5}},"43":{"start":{"line":174,"column":6},"end":{"line":174,"column":63}},"44":{"start":{"line":176,"column":4},"end":{"line":176,"column":20}},"45":{"start":{"line":178,"column":4},"end":{"line":178,"column":51}},"46":{"start":{"line":179,"column":4},"end":{"line":179,"column":60}},"47":{"start":{"line":183,"column":22},"end":{"line":208,"column":1}},"48":{"start":{"line":184,"column":28},"end":{"line":184,"column":36}},"49":{"start":{"line":185,"column":2},"end":{"line":207,"column":3}},"50":{"start":{"line":186,"column":4},"end":{"line":186,"column":33}},"51":{"start":{"line":187,"column":22},"end":{"line":187,"column":65}},"52":{"start":{"line":188,"column":4},"end":{"line":190,"column":5}},"53":{"start":{"line":189,"column":6},"end":{"line":189,"column":67}},"54":{"start":{"line":191,"column":23},"end":{"line":191,"column":88}},"55":{"start":{"line":191,"column":63},"end":{"line":191,"column":87}},"56":{"start":{"line":192,"column":4},"end":{"line":194,"column":5}},"57":{"start":{"line":193,"column":6},"end":{"line":193,"column":82}},"58":{"start":{"line":195,"column":27},"end":{"line":195,"column":75}},"59":{"start":{"line":196,"column":4},"end":{"line":196,"column":51}},"60":{"start":{"line":197,"column":4},"end":{"line":197,"column":27}},"61":{"start":{"line":199,"column":4},"end":{"line":203,"column":7}},"62":{"start":{"line":205,"column":4},"end":{"line":205,"column":52}},"63":{"start":{"line":206,"column":4},"end":{"line":206,"column":63}},"64":{"start":{"line":210,"column":30},"end":{"line":222,"column":1}},"65":{"start":{"line":211,"column":20},"end":{"line":211,"column":30}},"66":{"start":{"line":212,"column":2},"end":{"line":221,"column":3}},"67":{"start":{"line":213,"column":18},"end":{"line":213,"column":47}},"68":{"start":{"line":214,"column":4},"end":{"line":216,"column":5}},"69":{"start":{"line":215,"column":6},"end":{"line":215,"column":56}},"70":{"start":{"line":217,"column":4},"end":{"line":217,"column":20}},"71":{"start":{"line":219,"column":4},"end":{"line":219,"column":61}},"72":{"start":{"line":220,"column":4},"end":{"line":220,"column":60}},"73":{"start":{"line":224,"column":20},"end":{"line":249,"column":1}},"74":{"start":{"line":225,"column":20},"end":{"line":225,"column":30}},"75":{"start":{"line":226,"column":19},"end":{"line":226,"column":27}},"76":{"start":{"line":228,"column":2},"end":{"line":248,"column":3}},"77":{"start":{"line":229,"column":4},"end":{"line":229,"column":46}},"78":{"start":{"line":231,"column":18},"end":{"line":231,"column":47}},"79":{"start":{"line":232,"column":4},"end":{"line":234,"column":5}},"80":{"start":{"line":233,"column":6},"end":{"line":233,"column":63}},"81":{"start":{"line":235,"column":4},"end":{"line":235,"column":26}},"82":{"start":{"line":236,"column":4},"end":{"line":236,"column":23}},"83":{"start":{"line":238,"column":4},"end":{"line":243,"column":5}},"84":{"start":{"line":239,"column":6},"end":{"line":242,"column":8}},"85":{"start":{"line":244,"column":4},"end":{"line":244,"column":66}},"86":{"start":{"line":246,"column":4},"end":{"line":246,"column":46}},"87":{"start":{"line":247,"column":4},"end":{"line":247,"column":63}},"88":{"start":{"line":251,"column":0},"end":{"line":260,"column":2}}},"fnMap":{"0":{"name":"(anonymous_0)","decl":{"start":{"line":110,"column":18},"end":{"line":110,"column":19}},"loc":{"start":{"line":110,"column":38},"end":{"line":128,"column":1}},"line":110},"1":{"name":"(anonymous_1)","decl":{"start":{"line":130,"column":20},"end":{"line":130,"column":21}},"loc":{"start":{"line":130,"column":39},"end":{"line":139,"column":1}},"line":130},"2":{"name":"(anonymous_2)","decl":{"start":{"line":141,"column":26},"end":{"line":141,"column":27}},"loc":{"start":{"line":141,"column":45},"end":{"line":153,"column":1}},"line":141},"3":{"name":"(anonymous_3)","decl":{"start":{"line":155,"column":27},"end":{"line":155,"column":28}},"loc":{"start":{"line":155,"column":46},"end":{"line":167,"column":1}},"line":155},"4":{"name":"(anonymous_4)","decl":{"start":{"line":169,"column":21},"end":{"line":169,"column":22}},"loc":{"start":{"line":169,"column":40},"end":{"line":181,"column":1}},"line":169},"5":{"name":"(anonymous_5)","decl":{"start":{"line":183,"column":22},"end":{"line":183,"column":23}},"loc":{"start":{"line":183,"column":41},"end":{"line":208,"column":1}},"line":183},"6":{"name":"(anonymous_6)","decl":{"start":{"line":191,"column":58},"end":{"line":191,"column":59}},"loc":{"start":{"line":191,"column":63},"end":{"line":191,"column":87}},"line":191},"7":{"name":"(anonymous_7)","decl":{"start":{"line":210,"column":30},"end":{"line":210,"column":31}},"loc":{"start":{"line":210,"column":49},"end":{"line":222,"column":1}},"line":210},"8":{"name":"(anonymous_8)","decl":{"start":{"line":224,"column":20},"end":{"line":224,"column":21}},"loc":{"start":{"line":224,"column":39},"end":{"line":249,"column":1}},"line":224}},"branchMap":{"0":{"loc":{"start":{"line":111,"column":10},"end":{"line":111,"column":21}},"type":"default-arg","locations":[{"start":{"line":111,"column":19},"end":{"line":111,"column":21}}],"line":111},"1":{"loc":{"start":{"line":111,"column":23},"end":{"line":111,"column":31}},"type":"default-arg","locations":[{"start":{"line":111,"column":30},"end":{"line":111,"column":31}}],"line":111},"2":{"loc":{"start":{"line":111,"column":33},"end":{"line":111,"column":46}},"type":"default-arg","locations":[{"start":{"line":111,"column":44},"end":{"line":111,"column":46}}],"line":111},"3":{"loc":{"start":{"line":145,"column":4},"end":{"line":147,"column":5}},"type":"if","locations":[{"start":{"line":145,"column":4},"end":{"line":147,"column":5}},{"start":{},"end":{}}],"line":145},"4":{"loc":{"start":{"line":159,"column":4},"end":{"line":161,"column":5}},"type":"if","locations":[{"start":{"line":159,"column":4},"end":{"line":161,"column":5}},{"start":{},"end":{}}],"line":159},"5":{"loc":{"start":{"line":173,"column":4},"end":{"line":175,"column":5}},"type":"if","locations":[{"start":{"line":173,"column":4},"end":{"line":175,"column":5}},{"start":{},"end":{}}],"line":173},"6":{"loc":{"start":{"line":188,"column":4},"end":{"line":190,"column":5}},"type":"if","locations":[{"start":{"line":188,"column":4},"end":{"line":190,"column":5}},{"start":{},"end":{}}],"line":188},"7":{"loc":{"start":{"line":192,"column":4},"end":{"line":194,"column":5}},"type":"if","locations":[{"start":{"line":192,"column":4},"end":{"line":194,"column":5}},{"start":{},"end":{}}],"line":192},"8":{"loc":{"start":{"line":214,"column":4},"end":{"line":216,"column":5}},"type":"if","locations":[{"start":{"line":214,"column":4},"end":{"line":216,"column":5}},{"start":{},"end":{}}],"line":214},"9":{"loc":{"start":{"line":232,"column":4},"end":{"line":234,"column":5}},"type":"if","locations":[{"start":{"line":232,"column":4},"end":{"line":234,"column":5}},{"start":{},"end":{}}],"line":232},"10":{"loc":{"start":{"line":238,"column":4},"end":{"line":243,"column":5}},"type":"if","locations":[{"start":{"line":238,"column":4},"end":{"line":243,"column":5}},{"start":{},"end":{}}],"line":238}},"s":{"0":1,"1":1,"2":1,"3":1,"4":1,"5":1,"6":1,"7":1,"8":1,"9":1,"10":1,"11":0,"12":0,"13":1,"14":1,"15":1,"16":1,"17":1,"18":0,"19":0,"20":1,"21":1,"22":1,"23":1,"24":1,"25":0,"26":1,"27":0,"28":0,"29":1,"30":1,"31":1,"32":1,"33":1,"34":0,"35":1,"36":0,"37":0,"38":1,"39":1,"40":1,"41":1,"42":1,"43":0,"44":1,"45":0,"46":0,"47":1,"48":1,"49":1,"50":1,"51":1,"52":1,"53":0,"54":1,"55":1,"56":1,"57":0,"58":1,"59":1,"60":1,"61":1,"62":0,"63":0,"64":1,"65":0,"66":0,"67":0,"68":0,"69":0,"70":0,"71":0,"72":0,"73":1,"74":1,"75":1,"76":1,"77":1,"78":1,"79":1,"80":0,"81":1,"82":1,"83":1,"84":1,"85":1,"86":0,"87":0,"88":1},"f":{"0":1,"1":1,"2":1,"3":1,"4":1,"5":1,"6":1,"7":0,"8":1},"b":{"0":[1],"1":[1],"2":[1],"3":[0,1],"4":[0,1],"5":[0,1],"6":[0,1],"7":[0,1],"8":[0,0],"9":[0,1],"10":[1,0]},"_coverageSchema":"1a1c01bbd47fc00a2c39e90264f33305004495a9","hash":"d8eb4a0a995234691a673cfca13896258c5d394d"}
,"C:\\Users\\Thinh Pham\\Desktop\\New folder\\VolunteerActivities\\api\\controllers\\findEventsForUser.js": {"path":"C:\\Users\\Thinh Pham\\Desktop\\New folder\\VolunteerActivities\\api\\controllers\\findEventsForUser.js","statementMap":{"0":{"start":{"line":1,"column":17},"end":{"line":1,"column":36}},"1":{"start":{"line":2,"column":14},"end":{"line":2,"column":45}},"2":{"start":{"line":3,"column":20},"end":{"line":3,"column":57}},"3":{"start":{"line":4,"column":28},"end":{"line":4,"column":36}},"4":{"start":{"line":6,"column":32},"end":{"line":24,"column":1}},"5":{"start":{"line":7,"column":26},"end":{"line":7,"column":36}},"6":{"start":{"line":8,"column":2},"end":{"line":23,"column":3}},"7":{"start":{"line":9,"column":22},"end":{"line":9,"column":72}},"8":{"start":{"line":10,"column":4},"end":{"line":12,"column":5}},"9":{"start":{"line":11,"column":6},"end":{"line":11,"column":70}},"10":{"start":{"line":13,"column":27},"end":{"line":18,"column":6}},"11":{"start":{"line":19,"column":4},"end":{"line":19,"column":35}},"12":{"start":{"line":21,"column":4},"end":{"line":21,"column":56}},"13":{"start":{"line":22,"column":4},"end":{"line":22,"column":63}},"14":{"start":{"line":26,"column":31},"end":{"line":63,"column":1}},"15":{"start":{"line":27,"column":35},"end":{"line":27,"column":43}},"16":{"start":{"line":29,"column":2},"end":{"line":31,"column":3}},"17":{"start":{"line":30,"column":4},"end":{"line":30,"column":77}},"18":{"start":{"line":33,"column":2},"end":{"line":62,"column":3}},"19":{"start":{"line":34,"column":22},"end":{"line":34,"column":72}},"20":{"start":{"line":35,"column":18},"end":{"line":35,"column":47}},"21":{"start":{"line":37,"column":4},"end":{"line":39,"column":5}},"22":{"start":{"line":38,"column":6},"end":{"line":38,"column":79}},"23":{"start":{"line":42,"column":4},"end":{"line":46,"column":5}},"24":{"start":{"line":43,"column":6},"end":{"line":43,"column":54}},"25":{"start":{"line":45,"column":6},"end":{"line":45,"column":89}},"26":{"start":{"line":49,"column":4},"end":{"line":53,"column":5}},"27":{"start":{"line":50,"column":6},"end":{"line":50,"column":47}},"28":{"start":{"line":52,"column":6},"end":{"line":52,"column":95}},"29":{"start":{"line":56,"column":4},"end":{"line":56,"column":23}},"30":{"start":{"line":57,"column":4},"end":{"line":57,"column":27}},"31":{"start":{"line":58,"column":4},"end":{"line":58,"column":82}},"32":{"start":{"line":60,"column":4},"end":{"line":60,"column":60}},"33":{"start":{"line":61,"column":4},"end":{"line":61,"column":63}},"34":{"start":{"line":65,"column":0},"end":{"line":65,"column":69}}},"fnMap":{"0":{"name":"(anonymous_0)","decl":{"start":{"line":6,"column":32},"end":{"line":6,"column":33}},"loc":{"start":{"line":6,"column":52},"end":{"line":24,"column":1}},"line":6},"1":{"name":"(anonymous_1)","decl":{"start":{"line":26,"column":31},"end":{"line":26,"column":32}},"loc":{"start":{"line":26,"column":51},"end":{"line":63,"column":1}},"line":26}},"branchMap":{"0":{"loc":{"start":{"line":10,"column":4},"end":{"line":12,"column":5}},"type":"if","locations":[{"start":{"line":10,"column":4},"end":{"line":12,"column":5}},{"start":{},"end":{}}],"line":10},"1":{"loc":{"start":{"line":19,"column":13},"end":{"line":19,"column":33}},"type":"binary-expr","locations":[{"start":{"line":19,"column":13},"end":{"line":19,"column":27}},{"start":{"line":19,"column":31},"end":{"line":19,"column":33}}],"line":19},"2":{"loc":{"start":{"line":29,"column":2},"end":{"line":31,"column":3}},"type":"if","locations":[{"start":{"line":29,"column":2},"end":{"line":31,"column":3}},{"start":{},"end":{}}],"line":29},"3":{"loc":{"start":{"line":37,"column":4},"end":{"line":39,"column":5}},"type":"if","locations":[{"start":{"line":37,"column":4},"end":{"line":39,"column":5}},{"start":{},"end":{}}],"line":37},"4":{"loc":{"start":{"line":37,"column":8},"end":{"line":37,"column":28}},"type":"binary-expr","locations":[{"start":{"line":37,"column":8},"end":{"line":37,"column":18}},{"start":{"line":37,"column":22},"end":{"line":37,"column":28}}],"line":37},"5":{"loc":{"start":{"line":42,"column":4},"end":{"line":46,"column":5}},"type":"if","locations":[{"start":{"line":42,"column":4},"end":{"line":46,"column":5}},{"start":{"line":44,"column":11},"end":{"line":46,"column":5}}],"line":42},"6":{"loc":{"start":{"line":49,"column":4},"end":{"line":53,"column":5}},"type":"if","locations":[{"start":{"line":49,"column":4},"end":{"line":53,"column":5}},{"start":{"line":51,"column":11},"end":{"line":53,"column":5}}],"line":49}},"s":{"0":1,"1":1,"2":1,"3":1,"4":1,"5":1,"6":1,"7":1,"8":1,"9":0,"10":1,"11":1,"12":0,"13":0,"14":1,"15":4,"16":4,"17":1,"18":3,"19":3,"20":3,"21":3,"22":1,"23":2,"24":1,"25":1,"26":1,"27":1,"28":0,"29":1,"30":1,"31":1,"32":0,"33":0,"34":1},"f":{"0":1,"1":4},"b":{"0":[0,1],"1":[1,0],"2":[1,3],"3":[1,2],"4":[3,2],"5":[1,1],"6":[1,0]},"_coverageSchema":"1a1c01bbd47fc00a2c39e90264f33305004495a9","hash":"2bc3f5abd0208afa60429b61a830e83a5209b740"}
,"C:\\Users\\Thinh Pham\\Desktop\\New folder\\VolunteerActivities\\api\\controllers\\getAssignedEvents.js": {"path":"C:\\Users\\Thinh Pham\\Desktop\\New folder\\VolunteerActivities\\api\\controllers\\getAssignedEvents.js","statementMap":{"0":{"start":{"line":1,"column":19},"end":{"line":1,"column":48}},"1":{"start":{"line":2,"column":20},"end":{"line":2,"column":57}},"2":{"start":{"line":14,"column":26},"end":{"line":26,"column":1}},"3":{"start":{"line":15,"column":24},"end":{"line":15,"column":34}},"4":{"start":{"line":16,"column":2},"end":{"line":25,"column":3}},"5":{"start":{"line":17,"column":22},"end":{"line":17,"column":70}},"6":{"start":{"line":18,"column":4},"end":{"line":20,"column":5}},"7":{"start":{"line":19,"column":6},"end":{"line":19,"column":67}},"8":{"start":{"line":21,"column":4},"end":{"line":21,"column":45}},"9":{"start":{"line":23,"column":4},"end":{"line":23,"column":56}},"10":{"start":{"line":24,"column":4},"end":{"line":24,"column":63}},"11":{"start":{"line":28,"column":0},"end":{"line":28,"column":39}}},"fnMap":{"0":{"name":"(anonymous_0)","decl":{"start":{"line":14,"column":26},"end":{"line":14,"column":27}},"loc":{"start":{"line":14,"column":45},"end":{"line":26,"column":1}},"line":14}},"branchMap":{"0":{"loc":{"start":{"line":18,"column":4},"end":{"line":20,"column":5}},"type":"if","locations":[{"start":{"line":18,"column":4},"end":{"line":20,"column":5}},{"start":{},"end":{}}],"line":18},"1":{"loc":{"start":{"line":21,"column":13},"end":{"line":21,"column":43}},"type":"binary-expr","locations":[{"start":{"line":21,"column":13},"end":{"line":21,"column":37}},{"start":{"line":21,"column":41},"end":{"line":21,"column":43}}],"line":21}},"s":{"0":1,"1":1,"2":1,"3":3,"4":3,"5":3,"6":3,"7":1,"8":2,"9":0,"10":0,"11":1},"f":{"0":3},"b":{"0":[1,2],"1":[2,0]},"_coverageSchema":"1a1c01bbd47fc00a2c39e90264f33305004495a9","hash":"b694ad7eb715d10c308655766df2ec39188d2666"}
,"C:\\Users\\Thinh Pham\\Desktop\\New folder\\VolunteerActivities\\api\\controllers\\notificationController.js": {"path":"C:\\Users\\Thinh Pham\\Desktop\\New folder\\VolunteerActivities\\api\\controllers\\notificationController.js","statementMap":{"0":{"start":{"line":1,"column":17},"end":{"line":1,"column":36}},"1":{"start":{"line":2,"column":14},"end":{"line":2,"column":45}},"2":{"start":{"line":3,"column":20},"end":{"line":3,"column":57}},"3":{"start":{"line":4,"column":21},"end":{"line":4,"column":59}},"4":{"start":{"line":5,"column":28},"end":{"line":5,"column":36}},"5":{"start":{"line":7,"column":25},"end":{"line":25,"column":1}},"6":{"start":{"line":8,"column":2},"end":{"line":24,"column":3}},"7":{"start":{"line":9,"column":22},"end":{"line":9,"column":72}},"8":{"start":{"line":10,"column":4},"end":{"line":21,"column":5}},"9":{"start":{"line":11,"column":30},"end":{"line":16,"column":8}},"10":{"start":{"line":17,"column":6},"end":{"line":17,"column":35}},"11":{"start":{"line":18,"column":6},"end":{"line":18,"column":76}},"12":{"start":{"line":20,"column":6},"end":{"line":20,"column":64}},"13":{"start":{"line":23,"column":4},"end":{"line":23,"column":56}},"14":{"start":{"line":27,"column":31},"end":{"line":36,"column":1}},"15":{"start":{"line":28,"column":16},"end":{"line":28,"column":26}},"16":{"start":{"line":29,"column":19},"end":{"line":29,"column":38}},"17":{"start":{"line":30,"column":2},"end":{"line":32,"column":3}},"18":{"start":{"line":31,"column":4},"end":{"line":31,"column":17}},"19":{"start":{"line":33,"column":19},"end":{"line":33,"column":45}},"20":{"start":{"line":34,"column":19},"end":{"line":34,"column":62}},"21":{"start":{"line":35,"column":2},"end":{"line":35,"column":23}},"22":{"start":{"line":38,"column":30},"end":{"line":60,"column":1}},"23":{"start":{"line":39,"column":22},"end":{"line":39,"column":30}},"24":{"start":{"line":41,"column":2},"end":{"line":43,"column":3}},"25":{"start":{"line":42,"column":4},"end":{"line":42,"column":72}},"26":{"start":{"line":45,"column":2},"end":{"line":59,"column":3}},"27":{"start":{"line":46,"column":18},"end":{"line":46,"column":47}},"28":{"start":{"line":47,"column":4},"end":{"line":49,"column":5}},"29":{"start":{"line":48,"column":6},"end":{"line":48,"column":66}},"30":{"start":{"line":50,"column":23},"end":{"line":50,"column":74}},"31":{"start":{"line":51,"column":4},"end":{"line":54,"column":5}},"32":{"start":{"line":52,"column":22},"end":{"line":52,"column":96}},"33":{"start":{"line":53,"column":6},"end":{"line":53,"column":70}},"34":{"start":{"line":55,"column":4},"end":{"line":55,"column":70}},"35":{"start":{"line":57,"column":4},"end":{"line":57,"column":67}},"36":{"start":{"line":58,"column":4},"end":{"line":58,"column":63}},"37":{"start":{"line":62,"column":26},"end":{"line":84,"column":1}},"38":{"start":{"line":63,"column":22},"end":{"line":63,"column":32}},"39":{"start":{"line":65,"column":2},"end":{"line":67,"column":3}},"40":{"start":{"line":66,"column":4},"end":{"line":66,"column":72}},"41":{"start":{"line":69,"column":2},"end":{"line":83,"column":3}},"42":{"start":{"line":70,"column":18},"end":{"line":70,"column":47}},"43":{"start":{"line":71,"column":4},"end":{"line":73,"column":5}},"44":{"start":{"line":72,"column":6},"end":{"line":72,"column":66}},"45":{"start":{"line":74,"column":23},"end":{"line":74,"column":74}},"46":{"start":{"line":75,"column":4},"end":{"line":78,"column":5}},"47":{"start":{"line":76,"column":22},"end":{"line":76,"column":106}},"48":{"start":{"line":77,"column":6},"end":{"line":77,"column":66}},"49":{"start":{"line":79,"column":4},"end":{"line":79,"column":87}},"50":{"start":{"line":81,"column":4},"end":{"line":81,"column":63}},"51":{"start":{"line":82,"column":4},"end":{"line":82,"column":63}},"52":{"start":{"line":86,"column":28},"end":{"line":115,"column":1}},"53":{"start":{"line":87,"column":26},"end":{"line":87,"column":36}},"54":{"start":{"line":89,"column":2},"end":{"line":114,"column":3}},"55":{"start":{"line":90,"column":22},"end":{"line":90,"column":72}},"56":{"start":{"line":91,"column":4},"end":{"line":93,"column":5}},"57":{"start":{"line":92,"column":6},"end":{"line":92,"column":86}},"58":{"start":{"line":94,"column":21},"end":{"line":94,"column":23}},"59":{"start":{"line":95,"column":4},"end":{"line":109,"column":5}},"60":{"start":{"line":96,"column":20},"end":{"line":96,"column":49}},"61":{"start":{"line":97,"column":6},"end":{"line":108,"column":7}},"62":{"start":{"line":98,"column":33},"end":{"line":102,"column":10}},"63":{"start":{"line":103,"column":8},"end":{"line":107,"column":9}},"64":{"start":{"line":104,"column":26},"end":{"line":104,"column":96}},"65":{"start":{"line":105,"column":10},"end":{"line":105,"column":67}},"66":{"start":{"line":106,"column":10},"end":{"line":106,"column":57}},"67":{"start":{"line":110,"column":4},"end":{"line":110,"column":84}},"68":{"start":{"line":112,"column":4},"end":{"line":112,"column":65}},"69":{"start":{"line":113,"column":4},"end":{"line":113,"column":63}},"70":{"start":{"line":117,"column":27},"end":{"line":134,"column":1}},"71":{"start":{"line":118,"column":21},"end":{"line":118,"column":31}},"72":{"start":{"line":120,"column":2},"end":{"line":122,"column":3}},"73":{"start":{"line":121,"column":4},"end":{"line":121,"column":79}},"74":{"start":{"line":124,"column":2},"end":{"line":133,"column":3}},"75":{"start":{"line":125,"column":19},"end":{"line":125,"column":63}},"76":{"start":{"line":126,"column":4},"end":{"line":128,"column":5}},"77":{"start":{"line":127,"column":6},"end":{"line":127,"column":73}},"78":{"start":{"line":129,"column":4},"end":{"line":129,"column":75}},"79":{"start":{"line":131,"column":4},"end":{"line":131,"column":57}},"80":{"start":{"line":132,"column":4},"end":{"line":132,"column":63}},"81":{"start":{"line":136,"column":25},"end":{"line":144,"column":1}},"82":{"start":{"line":137,"column":2},"end":{"line":143,"column":3}},"83":{"start":{"line":138,"column":26},"end":{"line":138,"column":51}},"84":{"start":{"line":139,"column":4},"end":{"line":139,"column":28}},"85":{"start":{"line":141,"column":4},"end":{"line":141,"column":58}},"86":{"start":{"line":142,"column":4},"end":{"line":142,"column":63}},"87":{"start":{"line":146,"column":32},"end":{"line":155,"column":1}},"88":{"start":{"line":147,"column":26},"end":{"line":147,"column":36}},"89":{"start":{"line":148,"column":2},"end":{"line":154,"column":3}},"90":{"start":{"line":149,"column":30},"end":{"line":149,"column":70}},"91":{"start":{"line":150,"column":4},"end":{"line":150,"column":32}},"92":{"start":{"line":152,"column":4},"end":{"line":152,"column":63}},"93":{"start":{"line":153,"column":4},"end":{"line":153,"column":63}},"94":{"start":{"line":157,"column":0},"end":{"line":164,"column":2}}},"fnMap":{"0":{"name":"(anonymous_0)","decl":{"start":{"line":7,"column":25},"end":{"line":7,"column":26}},"loc":{"start":{"line":7,"column":63},"end":{"line":25,"column":1}},"line":7},"1":{"name":"(anonymous_1)","decl":{"start":{"line":27,"column":31},"end":{"line":27,"column":32}},"loc":{"start":{"line":27,"column":46},"end":{"line":36,"column":1}},"line":27},"2":{"name":"(anonymous_2)","decl":{"start":{"line":38,"column":30},"end":{"line":38,"column":31}},"loc":{"start":{"line":38,"column":50},"end":{"line":60,"column":1}},"line":38},"3":{"name":"(anonymous_3)","decl":{"start":{"line":62,"column":26},"end":{"line":62,"column":27}},"loc":{"start":{"line":62,"column":46},"end":{"line":84,"column":1}},"line":62},"4":{"name":"(anonymous_4)","decl":{"start":{"line":86,"column":28},"end":{"line":86,"column":29}},"loc":{"start":{"line":86,"column":48},"end":{"line":115,"column":1}},"line":86},"5":{"name":"(anonymous_5)","decl":{"start":{"line":117,"column":27},"end":{"line":117,"column":28}},"loc":{"start":{"line":117,"column":47},"end":{"line":134,"column":1}},"line":117},"6":{"name":"(anonymous_6)","decl":{"start":{"line":136,"column":25},"end":{"line":136,"column":26}},"loc":{"start":{"line":136,"column":45},"end":{"line":144,"column":1}},"line":136},"7":{"name":"(anonymous_7)","decl":{"start":{"line":146,"column":32},"end":{"line":146,"column":33}},"loc":{"start":{"line":146,"column":52},"end":{"line":155,"column":1}},"line":146}},"branchMap":{"0":{"loc":{"start":{"line":10,"column":4},"end":{"line":21,"column":5}},"type":"if","locations":[{"start":{"line":10,"column":4},"end":{"line":21,"column":5}},{"start":{"line":19,"column":11},"end":{"line":21,"column":5}}],"line":10},"1":{"loc":{"start":{"line":30,"column":2},"end":{"line":32,"column":3}},"type":"if","locations":[{"start":{"line":30,"column":2},"end":{"line":32,"column":3}},{"start":{},"end":{}}],"line":30},"2":{"loc":{"start":{"line":41,"column":2},"end":{"line":43,"column":3}},"type":"if","locations":[{"start":{"line":41,"column":2},"end":{"line":43,"column":3}},{"start":{},"end":{}}],"line":41},"3":{"loc":{"start":{"line":47,"column":4},"end":{"line":49,"column":5}},"type":"if","locations":[{"start":{"line":47,"column":4},"end":{"line":49,"column":5}},{"start":{},"end":{}}],"line":47},"4":{"loc":{"start":{"line":65,"column":2},"end":{"line":67,"column":3}},"type":"if","locations":[{"start":{"line":65,"column":2},"end":{"line":67,"column":3}},{"start":{},"end":{}}],"line":65},"5":{"loc":{"start":{"line":71,"column":4},"end":{"line":73,"column":5}},"type":"if","locations":[{"start":{"line":71,"column":4},"end":{"line":73,"column":5}},{"start":{},"end":{}}],"line":71},"6":{"loc":{"start":{"line":91,"column":4},"end":{"line":93,"column":5}},"type":"if","locations":[{"start":{"line":91,"column":4},"end":{"line":93,"column":5}},{"start":{},"end":{}}],"line":91},"7":{"loc":{"start":{"line":97,"column":6},"end":{"line":108,"column":7}},"type":"if","locations":[{"start":{"line":97,"column":6},"end":{"line":108,"column":7}},{"start":{},"end":{}}],"line":97},"8":{"loc":{"start":{"line":97,"column":10},"end":{"line":97,"column":53}},"type":"binary-expr","locations":[{"start":{"line":97,"column":10},"end":{"line":97,"column":15}},{"start":{"line":97,"column":19},"end":{"line":97,"column":53}}],"line":97},"9":{"loc":{"start":{"line":103,"column":8},"end":{"line":107,"column":9}},"type":"if","locations":[{"start":{"line":103,"column":8},"end":{"line":107,"column":9}},{"start":{},"end":{}}],"line":103},"10":{"loc":{"start":{"line":120,"column":2},"end":{"line":122,"column":3}},"type":"if","locations":[{"start":{"line":120,"column":2},"end":{"line":122,"column":3}},{"start":{},"end":{}}],"line":120},"11":{"loc":{"start":{"line":126,"column":4},"end":{"line":128,"column":5}},"type":"if","locations":[{"start":{"line":126,"column":4},"end":{"line":128,"column":5}},{"start":{},"end":{}}],"line":126}},"s":{"0":1,"1":1,"2":1,"3":1,"4":1,"5":1,"6":0,"7":0,"8":0,"9":0,"10":0,"11":0,"12":0,"13":0,"14":1,"15":0,"16":0,"17":0,"18":0,"19":0,"20":0,"21":0,"22":1,"23":4,"24":4,"25":1,"26":3,"27":3,"28":3,"29":1,"30":2,"31":2,"32":0,"33":0,"34":2,"35":0,"36":0,"37":1,"38":3,"39":3,"40":1,"41":2,"42":2,"43":2,"44":1,"45":1,"46":1,"47":0,"48":0,"49":1,"50":0,"51":0,"52":1,"53":3,"54":3,"55":3,"56":3,"57":1,"58":2,"59":2,"60":0,"61":0,"62":0,"63":0,"64":0,"65":0,"66":0,"67":2,"68":0,"69":0,"70":1,"71":3,"72":3,"73":1,"74":2,"75":2,"76":2,"77":1,"78":1,"79":0,"80":0,"81":1,"82":1,"83":1,"84":1,"85":0,"86":0,"87":1,"88":2,"89":2,"90":2,"91":2,"92":0,"93":0,"94":1},"f":{"0":0,"1":0,"2":4,"3":3,"4":3,"5":3,"6":1,"7":2},"b":{"0":[0,0],"1":[0,0],"2":[1,3],"3":[1,2],"4":[1,2],"5":[1,1],"6":[1,2],"7":[0,0],"8":[0,0],"9":[0,0],"10":[1,2],"11":[1,1]},"_coverageSchema":"1a1c01bbd47fc00a2c39e90264f33305004495a9","hash":"3c38988fdaf34c6e24229984a87d85fb426e1a56"}
,"C:\\Users\\Thinh Pham\\Desktop\\New folder\\VolunteerActivities\\api\\controllers\\volunteerController.js": {"path":"C:\\Users\\Thinh Pham\\Desktop\\New folder\\VolunteerActivities\\api\\controllers\\volunteerController.js","statementMap":{"0":{"start":{"line":1,"column":14},"end":{"line":1,"column":45}},"1":{"start":{"line":2,"column":20},"end":{"line":2,"column":57}},"2":{"start":{"line":4,"column":24},"end":{"line":6,"column":1}},"3":{"start":{"line":5,"column":2},"end":{"line":5,"column":50}},"4":{"start":{"line":8,"column":22},"end":{"line":24,"column":1}},"5":{"start":{"line":9,"column":44},"end":{"line":9,"column":53}},"6":{"start":{"line":11,"column":2},"end":{"line":23,"column":3}},"7":{"start":{"line":12,"column":19},"end":{"line":12,"column":67}},"8":{"start":{"line":13,"column":18},"end":{"line":13,"column":58}},"9":{"start":{"line":14,"column":23},"end":{"line":17,"column":49}},"10":{"start":{"line":18,"column":4},"end":{"line":18,"column":28}},"11":{"start":{"line":19,"column":4},"end":{"line":19,"column":34}},"12":{"start":{"line":21,"column":4},"end":{"line":21,"column":55}},"13":{"start":{"line":22,"column":4},"end":{"line":22,"column":63}},"14":{"start":{"line":26,"column":24},"end":{"line":47,"column":1}},"15":{"start":{"line":27,"column":24},"end":{"line":27,"column":34}},"16":{"start":{"line":28,"column":19},"end":{"line":28,"column":27}},"17":{"start":{"line":29,"column":2},"end":{"line":46,"column":3}},"18":{"start":{"line":30,"column":22},"end":{"line":30,"column":70}},"19":{"start":{"line":31,"column":4},"end":{"line":33,"column":5}},"20":{"start":{"line":32,"column":6},"end":{"line":32,"column":67}},"21":{"start":{"line":34,"column":4},"end":{"line":34,"column":30}},"22":{"start":{"line":35,"column":4},"end":{"line":35,"column":27}},"23":{"start":{"line":36,"column":4},"end":{"line":41,"column":5}},"24":{"start":{"line":37,"column":6},"end":{"line":40,"column":8}},"25":{"start":{"line":42,"column":4},"end":{"line":42,"column":74}},"26":{"start":{"line":44,"column":4},"end":{"line":44,"column":54}},"27":{"start":{"line":45,"column":4},"end":{"line":45,"column":63}},"28":{"start":{"line":49,"column":0},"end":{"line":52,"column":2}}},"fnMap":{"0":{"name":"(anonymous_0)","decl":{"start":{"line":4,"column":24},"end":{"line":4,"column":25}},"loc":{"start":{"line":4,"column":44},"end":{"line":6,"column":1}},"line":4},"1":{"name":"(anonymous_1)","decl":{"start":{"line":8,"column":22},"end":{"line":8,"column":23}},"loc":{"start":{"line":8,"column":41},"end":{"line":24,"column":1}},"line":8},"2":{"name":"(anonymous_2)","decl":{"start":{"line":26,"column":24},"end":{"line":26,"column":25}},"loc":{"start":{"line":26,"column":43},"end":{"line":47,"column":1}},"line":26}},"branchMap":{"0":{"loc":{"start":{"line":9,"column":9},"end":{"line":9,"column":19}},"type":"default-arg","locations":[{"start":{"line":9,"column":17},"end":{"line":9,"column":19}}],"line":9},"1":{"loc":{"start":{"line":9,"column":21},"end":{"line":9,"column":27}},"type":"default-arg","locations":[{"start":{"line":9,"column":26},"end":{"line":9,"column":27}}],"line":9},"2":{"loc":{"start":{"line":9,"column":29},"end":{"line":9,"column":40}},"type":"default-arg","locations":[{"start":{"line":9,"column":38},"end":{"line":9,"column":40}}],"line":9},"3":{"loc":{"start":{"line":31,"column":4},"end":{"line":33,"column":5}},"type":"if","locations":[{"start":{"line":31,"column":4},"end":{"line":33,"column":5}},{"start":{},"end":{}}],"line":31},"4":{"loc":{"start":{"line":36,"column":4},"end":{"line":41,"column":5}},"type":"if","locations":[{"start":{"line":36,"column":4},"end":{"line":41,"column":5}},{"start":{},"end":{}}],"line":36}},"s":{"0":1,"1":1,"2":1,"3":0,"4":1,"5":1,"6":1,"7":1,"8":1,"9":1,"10":1,"11":1,"12":0,"13":0,"14":1,"15":1,"16":1,"17":1,"18":1,"19":1,"20":0,"21":1,"22":1,"23":1,"24":1,"25":1,"26":0,"27":0,"28":1},"f":{"0":0,"1":1,"2":1},"b":{"0":[1],"1":[1],"2":[1],"3":[0,1],"4":[1,0]},"_coverageSchema":"1a1c01bbd47fc00a2c39e90264f33305004495a9","hash":"cd2af7108f472607a59f2813c3ead92e76cd0d56"}
,"C:\\Users\\Thinh Pham\\Desktop\\New folder\\VolunteerActivities\\api\\controllers\\volunteerHistoryController.js": {"path":"C:\\Users\\Thinh Pham\\Desktop\\New folder\\VolunteerActivities\\api\\controllers\\volunteerHistoryController.js","statementMap":{"0":{"start":{"line":1,"column":14},"end":{"line":1,"column":45}},"1":{"start":{"line":2,"column":20},"end":{"line":2,"column":57}},"2":{"start":{"line":4,"column":28},"end":{"line":27,"column":1}},"3":{"start":{"line":5,"column":24},"end":{"line":5,"column":34}},"4":{"start":{"line":6,"column":2},"end":{"line":26,"column":3}},"5":{"start":{"line":7,"column":22},"end":{"line":7,"column":70}},"6":{"start":{"line":8,"column":4},"end":{"line":10,"column":5}},"7":{"start":{"line":9,"column":6},"end":{"line":9,"column":68}},"8":{"start":{"line":11,"column":28},"end":{"line":13,"column":6}},"9":{"start":{"line":15,"column":25},"end":{"line":20,"column":7}},"10":{"start":{"line":15,"column":55},"end":{"line":20,"column":5}},"11":{"start":{"line":22,"column":4},"end":{"line":22,"column":27}},"12":{"start":{"line":24,"column":4},"end":{"line":24,"column":62}},"13":{"start":{"line":25,"column":4},"end":{"line":25,"column":63}},"14":{"start":{"line":29,"column":0},"end":{"line":29,"column":41}}},"fnMap":{"0":{"name":"(anonymous_0)","decl":{"start":{"line":4,"column":28},"end":{"line":4,"column":29}},"loc":{"start":{"line":4,"column":47},"end":{"line":27,"column":1}},"line":4},"1":{"name":"(anonymous_1)","decl":{"start":{"line":15,"column":45},"end":{"line":15,"column":46}},"loc":{"start":{"line":15,"column":55},"end":{"line":20,"column":5}},"line":15}},"branchMap":{"0":{"loc":{"start":{"line":8,"column":4},"end":{"line":10,"column":5}},"type":"if","locations":[{"start":{"line":8,"column":4},"end":{"line":10,"column":5}},{"start":{},"end":{}}],"line":8}},"s":{"0":1,"1":1,"2":1,"3":2,"4":2,"5":2,"6":2,"7":1,"8":1,"9":1,"10":1,"11":1,"12":0,"13":0,"14":1},"f":{"0":2,"1":1},"b":{"0":[1,1]},"_coverageSchema":"1a1c01bbd47fc00a2c39e90264f33305004495a9","hash":"739403ded8e2962ceff58fd22b945c2f007e92ae"}
,"C:\\Users\\Thinh Pham\\Desktop\\New folder\\VolunteerActivities\\api\\data\\events.js": {"path":"C:\\Users\\Thinh Pham\\Desktop\\New folder\\VolunteerActivities\\api\\data\\events.js","statementMap":{"0":{"start":{"line":1,"column":15},"end":{"line":380,"column":1}},"1":{"start":{"line":382,"column":0},"end":{"line":382,"column":24}}},"fnMap":{},"branchMap":{},"s":{"0":1,"1":1},"f":{},"b":{},"_coverageSchema":"1a1c01bbd47fc00a2c39e90264f33305004495a9","hash":"900af2a8545fe78cc54355d2819b8a38753079a3"}
,"C:\\Users\\Thinh Pham\\Desktop\\New folder\\VolunteerActivities\\api\\data\\volunteers.js": {"path":"C:\\Users\\Thinh Pham\\Desktop\\New folder\\VolunteerActivities\\api\\data\\volunteers.js","statementMap":{"0":{"start":{"line":1,"column":19},"end":{"line":332,"column":3}},"1":{"start":{"line":333,"column":2},"end":{"line":333,"column":30}}},"fnMap":{},"branchMap":{},"s":{"0":2,"1":2},"f":{},"b":{},"_coverageSchema":"1a1c01bbd47fc00a2c39e90264f33305004495a9","hash":"d3e88f1a5283b7098d81e849e6d79300f4fc92cf"}
,"C:\\Users\\Thinh Pham\\Desktop\\New folder\\VolunteerActivities\\api\\models\\EventModel.js": {"path":"C:\\Users\\Thinh Pham\\Desktop\\New folder\\VolunteerActivities\\api\\models\\EventModel.js","statementMap":{"0":{"start":{"line":1,"column":17},"end":{"line":1,"column":36}},"1":{"start":{"line":3,"column":20},"end":{"line":17,"column":2}},"2":{"start":{"line":19,"column":14},"end":{"line":19,"column":50}},"3":{"start":{"line":21,"column":0},"end":{"line":21,"column":23}}},"fnMap":{},"branchMap":{},"s":{"0":6,"1":6,"2":6,"3":6},"f":{},"b":{},"_coverageSchema":"1a1c01bbd47fc00a2c39e90264f33305004495a9","hash":"ca61581b9f9ec2e2d63e27dbac884d512414d33c"}
,"C:\\Users\\Thinh Pham\\Desktop\\New folder\\VolunteerActivities\\api\\models\\NotificationModel.js": {"path":"C:\\Users\\Thinh Pham\\Desktop\\New folder\\VolunteerActivities\\api\\models\\NotificationModel.js","statementMap":{"0":{"start":{"line":1,"column":17},"end":{"line":1,"column":36}},"1":{"start":{"line":3,"column":27},"end":{"line":8,"column":2}},"2":{"start":{"line":10,"column":21},"end":{"line":10,"column":71}},"3":{"start":{"line":12,"column":0},"end":{"line":12,"column":30}}},"fnMap":{},"branchMap":{},"s":{"0":2,"1":2,"2":2,"3":2},"f":{},"b":{},"_coverageSchema":"1a1c01bbd47fc00a2c39e90264f33305004495a9","hash":"fbfa9bc773b16034a77a836e77f2bf4cf24f62ab"}
,"C:\\Users\\Thinh Pham\\Desktop\\New folder\\VolunteerActivities\\api\\models\\UserProfileModel.js": {"path":"C:\\Users\\Thinh Pham\\Desktop\\New folder\\VolunteerActivities\\api\\models\\UserProfileModel.js","statementMap":{"0":{"start":{"line":1,"column":17},"end":{"line":1,"column":36}},"1":{"start":{"line":3,"column":26},"end":{"line":17,"column":2}},"2":{"start":{"line":19,"column":20},"end":{"line":19,"column":68}},"3":{"start":{"line":21,"column":0},"end":{"line":21,"column":29}}},"fnMap":{},"branchMap":{},"s":{"0":8,"1":8,"2":8,"3":8},"f":{},"b":{},"_coverageSchema":"1a1c01bbd47fc00a2c39e90264f33305004495a9","hash":"8163effb6cb7646233d7bb22a49c2dbf03fe93fd"}
}
