TN:
SF:controllers\assignmentController.js
FN:5,(anonymous_0)
FN:6,(anonymous_1)
FN:8,(anonymous_2)
FN:17,(anonymous_3)
FN:20,(anonymous_4)
FN:21,(anonymous_5)
FNF:6
FNH:6
FNDA:1,(anonymous_0)
FNDA:3,(anonymous_1)
FNDA:3,(anonymous_2)
FNDA:4,(anonymous_3)
FNDA:35,(anonymous_4)
FNDA:30,(anonymous_5)
DA:1,1
DA:2,1
DA:3,1
DA:5,1
DA:6,3
DA:7,1
DA:8,3
DA:9,1
DA:10,1
DA:11,1
DA:13,0
DA:17,1
DA:18,4
DA:20,35
DA:21,30
DA:23,4
DA:24,2
DA:27,2
DA:28,2
DA:30,0
DA:33,2
DA:34,1
DA:36,1
DA:38,1
DA:39,1
DA:41,1
DA:45,1
LF:27
LH:25
BRDA:7,0,0,1
BRDA:7,0,1,0
BRDA:8,1,0,1
BRDA:8,1,1,0
BRDA:23,2,0,2
BRDA:23,2,1,2
BRDA:23,3,0,4
BRDA:23,3,1,3
BRDA:27,4,0,2
BRDA:27,4,1,0
BRDA:33,5,0,1
BRDA:33,5,1,1
BRF:12
BRH:9
end_of_record
TN:
SF:controllers\createUserProfileController.js
FN:3,(anonymous_0)
FN:5,(anonymous_1)
FN:19,(anonymous_2)
FN:21,(anonymous_3)
FNF:4
FNH:4
FNDA:2,(anonymous_0)
FNDA:61,(anonymous_1)
FNDA:2,(anonymous_2)
FNDA:32,(anonymous_3)
DA:1,1
DA:3,1
DA:4,2
DA:5,61
DA:7,2
DA:9,1
DA:10,1
DA:13,1
DA:14,1
DA:15,1
DA:19,1
DA:20,2
DA:21,32
DA:22,2
DA:23,1
DA:25,1
DA:28,1
LF:17
LH:17
BRDA:7,0,0,1
BRDA:7,0,1,1
BRDA:22,1,0,1
BRDA:22,1,1,1
BRF:4
BRH:4
end_of_record
TN:
SF:controllers\eventController.js
FN:4,(anonymous_0)
FN:8,(anonymous_1)
FN:22,(anonymous_2)
FN:28,(anonymous_3)
FN:30,(anonymous_4)
FN:37,(anonymous_5)
FN:39,(anonymous_6)
FN:46,(anonymous_7)
FN:48,(anonymous_8)
FN:56,(anonymous_9)
FN:58,(anonymous_10)
FN:62,(anonymous_11)
FN:76,(anonymous_12)
FN:78,(anonymous_13)
FN:86,(anonymous_14)
FN:90,(anonymous_15)
FN:99,(anonymous_16)
FN:101,(anonymous_17)
FNF:18
FNH:16
FNDA:1,(anonymous_0)
FNDA:27,(anonymous_1)
FNDA:1,(anonymous_2)
FNDA:1,(anonymous_3)
FNDA:1,(anonymous_4)
FNDA:1,(anonymous_5)
FNDA:2,(anonymous_6)
FNDA:1,(anonymous_7)
FNDA:4,(anonymous_8)
FNDA:1,(anonymous_9)
FNDA:1,(anonymous_10)
FNDA:1,(anonymous_11)
FNDA:0,(anonymous_12)
FNDA:0,(anonymous_13)
FNDA:1,(anonymous_14)
FNDA:1,(anonymous_15)
FNDA:30,(anonymous_16)
FNDA:4,(anonymous_17)
DA:1,1
DA:2,1
DA:4,1
DA:5,1
DA:8,1
DA:9,27
DA:13,1
DA:15,1
DA:22,1
DA:23,1
DA:24,1
DA:25,1
DA:28,1
DA:29,1
DA:30,1
DA:31,1
DA:32,0
DA:34,1
DA:37,1
DA:38,1
DA:39,2
DA:40,1
DA:41,0
DA:43,1
DA:46,1
DA:47,1
DA:48,4
DA:49,1
DA:50,1
DA:52,0
DA:56,1
DA:57,1
DA:58,1
DA:59,1
DA:60,0
DA:62,1
DA:63,1
DA:64,0
DA:66,1
DA:67,1
DA:69,1
DA:76,1
DA:77,0
DA:78,0
DA:79,0
DA:80,0
DA:82,0
DA:86,1
DA:87,1
DA:88,1
DA:90,1
DA:91,1
DA:92,0
DA:95,1
DA:98,1
DA:99,1
DA:100,30
DA:101,4
DA:105,1
DA:108,1
LF:60
LH:49
BRDA:5,0,0,1
BRDA:5,1,0,1
BRDA:5,2,0,1
BRDA:9,3,0,27
BRDA:9,3,1,27
BRDA:31,4,0,0
BRDA:31,4,1,1
BRDA:40,5,0,0
BRDA:40,5,1,1
BRDA:49,6,0,1
BRDA:49,6,1,0
BRDA:59,7,0,0
BRDA:59,7,1,1
BRDA:63,8,0,0
BRDA:63,8,1,1
BRDA:79,9,0,0
BRDA:79,9,1,0
BRDA:91,10,0,0
BRDA:91,10,1,1
BRDA:98,11,0,1
BRDA:98,11,1,0
BRDA:100,12,0,2
BRDA:100,12,1,28
BRF:23
BRH:14
end_of_record
TN:
SF:controllers\findEventsForUser.js
FN:4,(anonymous_0)
FN:6,(anonymous_1)
FN:13,(anonymous_2)
FN:16,(anonymous_3)
FN:26,(anonymous_4)
FN:29,(anonymous_5)
FN:30,(anonymous_6)
FNF:7
FNH:7
FNDA:1,(anonymous_0)
FNDA:3,(anonymous_1)
FNDA:27,(anonymous_2)
FNDA:81,(anonymous_3)
FNDA:4,(anonymous_4)
FNDA:35,(anonymous_5)
FNDA:30,(anonymous_6)
DA:1,1
DA:2,1
DA:4,1
DA:5,1
DA:6,3
DA:8,1
DA:9,0
DA:12,1
DA:13,1
DA:14,27
DA:15,27
DA:16,81
DA:23,1
DA:26,1
DA:27,4
DA:29,35
DA:30,30
DA:32,4
DA:33,2
DA:36,2
DA:37,0
DA:39,2
DA:40,2
DA:42,0
DA:45,2
DA:46,0
DA:48,2
DA:49,1
DA:51,1
DA:54,1
DA:57,1
LF:31
LH:27
BRDA:8,0,0,0
BRDA:8,0,1,1
BRDA:16,1,0,27
BRDA:16,1,1,1
BRDA:16,1,2,1
BRDA:16,1,3,1
BRDA:32,2,0,2
BRDA:32,2,1,2
BRDA:32,3,0,4
BRDA:32,3,1,3
BRDA:36,4,0,0
BRDA:36,4,1,2
BRDA:39,5,0,2
BRDA:39,5,1,0
BRDA:45,6,0,0
BRDA:45,6,1,2
BRDA:48,7,0,1
BRDA:48,7,1,1
BRF:18
BRH:14
end_of_record
TN:
SF:controllers\getAssignedEvents.js
FN:3,(anonymous_0)
FN:5,(anonymous_1)
FNF:2
FNH:2
FNDA:3,(anonymous_0)
FNDA:36,(anonymous_1)
DA:1,1
DA:3,1
DA:4,3
DA:5,36
DA:6,3
DA:7,2
DA:9,1
DA:13,1
LF:8
LH:8
BRDA:6,0,0,2
BRDA:6,0,1,1
BRDA:7,1,0,2
BRDA:7,1,1,0
BRF:4
BRH:3
end_of_record
TN:
SF:controllers\notificationController.js
FN:5,(anonymous_0)
FN:6,(anonymous_1)
FN:8,(anonymous_2)
FN:17,(anonymous_3)
FN:28,(anonymous_4)
FN:30,(anonymous_5)
FN:32,(anonymous_6)
FN:43,(anonymous_7)
FN:46,(anonymous_8)
FN:51,(anonymous_9)
FN:52,(anonymous_10)
FN:61,(anonymous_11)
FN:63,(anonymous_12)
FN:69,(anonymous_13)
FN:70,(anonymous_14)
FN:72,(anonymous_15)
FN:84,(anonymous_16)
FN:86,(anonymous_17)
FN:95,(anonymous_18)
FN:99,(anonymous_19)
FN:101,(anonymous_20)
FNF:21
FNH:14
FNDA:0,(anonymous_0)
FNDA:0,(anonymous_1)
FNDA:0,(anonymous_2)
FNDA:2,(anonymous_3)
FNDA:2,(anonymous_4)
FNDA:28,(anonymous_5)
FNDA:0,(anonymous_6)
FNDA:2,(anonymous_7)
FNDA:28,(anonymous_8)
FNDA:0,(anonymous_9)
FNDA:0,(anonymous_10)
FNDA:2,(anonymous_11)
FNDA:40,(anonymous_12)
FNDA:2,(anonymous_13)
FNDA:8,(anonymous_14)
FNDA:0,(anonymous_15)
FNDA:2,(anonymous_16)
FNDA:3,(anonymous_17)
FNDA:1,(anonymous_18)
FNDA:1,(anonymous_19)
FNDA:3,(anonymous_20)
DA:1,1
DA:2,1
DA:3,1
DA:5,1
DA:6,0
DA:7,0
DA:8,0
DA:9,0
DA:10,0
DA:11,0
DA:13,0
DA:17,1
DA:18,2
DA:19,2
DA:20,2
DA:21,2
DA:23,0
DA:24,0
DA:25,0
DA:28,1
DA:29,2
DA:30,28
DA:31,2
DA:32,1
DA:33,0
DA:34,0
DA:36,1
DA:38,1
DA:43,1
DA:44,2
DA:46,28
DA:47,2
DA:48,1
DA:51,1
DA:52,0
DA:53,0
DA:54,0
DA:55,0
DA:58,1
DA:61,1
DA:62,2
DA:63,40
DA:64,2
DA:65,1
DA:68,1
DA:69,1
DA:70,8
DA:71,2
DA:72,0
DA:73,0
DA:74,0
DA:75,0
DA:76,0
DA:81,1
DA:84,1
DA:85,2
DA:86,3
DA:88,2
DA:89,1
DA:91,1
DA:92,1
DA:95,1
DA:96,1
DA:99,1
DA:100,1
DA:101,3
DA:102,1
DA:106,1
LF:68
LH:47
BRDA:7,0,0,0
BRDA:7,0,1,0
BRDA:8,1,0,0
BRDA:8,1,1,0
BRDA:20,2,0,2
BRDA:20,2,1,0
BRDA:31,3,0,1
BRDA:31,3,1,1
BRDA:47,4,0,1
BRDA:47,4,1,1
BRDA:53,5,0,0
BRDA:53,5,1,0
BRDA:64,6,0,1
BRDA:64,6,1,1
BRDA:71,7,0,0
BRDA:71,7,1,2
BRDA:71,8,0,2
BRDA:71,8,1,2
BRDA:72,9,0,0
BRDA:72,9,1,0
BRDA:72,9,2,0
BRDA:73,10,0,0
BRDA:73,10,1,0
BRDA:88,11,0,1
BRDA:88,11,1,1
BRF:25
BRH:12
end_of_record
TN:
SF:controllers\volunteerController.js
FN:4,(anonymous_0)
FN:5,(anonymous_1)
FN:5,(anonymous_2)
FN:5,(anonymous_3)
FN:8,(anonymous_4)
FN:11,(anonymous_5)
FN:17,(anonymous_6)
FN:31,(anonymous_7)
FN:35,(anonymous_8)
FN:43,(anonymous_9)
FN:45,(anonymous_10)
FNF:11
FNH:10
FNDA:20,(anonymous_0)
FNDA:7,(anonymous_1)
FNDA:18,(anonymous_2)
FNDA:7,(anonymous_3)
FNDA:1,(anonymous_4)
FNDA:30,(anonymous_5)
FNDA:10,(anonymous_6)
FNDA:1,(anonymous_7)
FNDA:30,(anonymous_8)
FNDA:27,(anonymous_9)
FNDA:0,(anonymous_10)
DA:1,1
DA:2,1
DA:4,1
DA:5,20
DA:8,1
DA:9,1
DA:11,1
DA:12,30
DA:15,1
DA:17,10
DA:23,1
DA:31,1
DA:32,1
DA:33,1
DA:35,30
DA:36,1
DA:37,0
DA:39,1
DA:42,1
DA:43,1
DA:44,27
DA:45,0
DA:49,1
DA:52,1
LF:24
LH:22
BRDA:9,0,0,1
BRDA:9,1,0,1
BRDA:9,2,0,1
BRDA:12,3,0,30
BRDA:12,3,1,28
BRDA:36,4,0,0
BRDA:36,4,1,1
BRDA:42,5,0,1
BRDA:42,5,1,0
BRDA:44,6,0,0
BRDA:44,6,1,27
BRF:11
BRH:8
end_of_record
TN:
SF:controllers\volunteerHistoryController.js
FN:4,(anonymous_0)
FN:6,(anonymous_1)
FN:10,(anonymous_2)
FN:11,(anonymous_3)
FNF:4
FNH:4
FNDA:2,(anonymous_0)
FNDA:37,(anonymous_1)
FNDA:1,(anonymous_2)
FNDA:2,(anonymous_3)
DA:1,1
DA:2,1
DA:4,1
DA:5,2
DA:6,37
DA:7,2
DA:8,1
DA:10,1
DA:11,2
DA:12,1
DA:19,1
DA:22,1
LF:12
LH:12
BRDA:7,0,0,1
BRDA:7,0,1,1
BRF:2
BRH:2
end_of_record
TN:
SF:data\events.js
FNF:0
FNH:0
DA:1,6
DA:382,6
LF:2
LH:2
BRF:0
BRH:0
end_of_record
TN:
SF:data\volunteers.js
FNF:0
FNH:0
DA:1,8
DA:333,8
LF:2
LH:2
BRF:0
BRH:0
end_of_record
TN:
SF:models\notification.js
FNF:0
FNH:0
DA:20,2
DA:27,2
LF:2
LH:2
BRF:0
BRH:0
end_of_record
