TN:
SF:controllers\assignmentController.js
FN:7,(anonymous_0)
FN:22,(anonymous_1)
FNF:2
FNH:2
FNDA:1,(anonymous_0)
FNDA:4,(anonymous_1)
DA:1,1
DA:2,1
DA:3,1
DA:4,1
DA:5,1
DA:7,1
DA:8,1
DA:9,1
DA:10,0
DA:11,0
DA:13,1
DA:18,1
DA:19,1
DA:22,1
DA:23,4
DA:25,4
DA:26,1
DA:29,3
DA:30,3
DA:31,3
DA:33,3
DA:34,1
DA:37,2
DA:38,1
DA:40,1
DA:43,1
DA:44,1
DA:46,0
DA:49,1
DA:50,1
DA:52,1
DA:53,1
DA:55,1
DA:57,0
DA:58,0
DA:62,1
LF:36
LH:31
BRDA:9,0,0,0
BRDA:9,0,1,1
BRDA:25,1,0,1
BRDA:25,1,1,3
BRDA:33,2,0,1
BRDA:33,2,1,2
BRDA:33,3,0,3
BRDA:33,3,1,2
BRDA:37,4,0,1
BRDA:37,4,1,1
BRDA:43,5,0,1
BRDA:43,5,1,0
BRF:12
BRH:10
end_of_record
TN:
SF:controllers\createUserProfileController.js
FN:3,(anonymous_0)
FN:29,(anonymous_1)
FNF:2
FNH:2
FNDA:4,(anonymous_0)
FNDA:2,(anonymous_1)
DA:1,1
DA:3,1
DA:4,4
DA:5,4
DA:6,4
DA:7,4
DA:9,4
DA:11,1
DA:12,1
DA:13,1
DA:14,1
DA:15,1
DA:16,1
DA:19,3
DA:20,3
DA:21,3
DA:24,0
DA:25,0
DA:29,1
DA:30,2
DA:32,2
DA:33,2
DA:34,2
DA:35,1
DA:37,1
DA:39,0
DA:40,0
DA:44,1
LF:28
LH:24
BRDA:9,0,0,1
BRDA:9,0,1,3
BRDA:34,1,0,1
BRDA:34,1,1,1
BRF:4
BRH:4
end_of_record
TN:
SF:controllers\eventController.js
FN:4,(anonymous_0)
FN:24,(anonymous_1)
FN:35,(anonymous_2)
FN:49,(anonymous_3)
FN:63,(anonymous_4)
FN:77,(anonymous_5)
FN:85,(anonymous_6)
FN:118,(anonymous_7)
FNF:8
FNH:8
FNDA:1,(anonymous_0)
FNDA:1,(anonymous_1)
FNDA:2,(anonymous_2)
FNDA:2,(anonymous_3)
FNDA:2,(anonymous_4)
FNDA:3,(anonymous_5)
FNDA:1,(anonymous_6)
FNDA:2,(anonymous_7)
DA:1,1
DA:2,1
DA:4,1
DA:5,1
DA:7,1
DA:8,1
DA:9,1
DA:12,1
DA:14,1
DA:19,0
DA:20,0
DA:24,1
DA:25,1
DA:26,1
DA:27,1
DA:28,1
DA:30,0
DA:31,0
DA:35,1
DA:36,2
DA:37,2
DA:38,2
DA:39,2
DA:40,1
DA:42,1
DA:44,0
DA:45,0
DA:49,1
DA:50,2
DA:51,2
DA:52,2
DA:53,2
DA:54,1
DA:56,1
DA:58,0
DA:59,0
DA:63,1
DA:64,2
DA:65,2
DA:66,2
DA:67,2
DA:68,1
DA:70,1
DA:72,0
DA:73,0
DA:77,1
DA:78,3
DA:79,3
DA:80,3
DA:81,3
DA:82,3
DA:83,1
DA:85,2
DA:86,2
DA:87,1
DA:89,1
DA:90,1
DA:91,1
DA:93,1
DA:99,0
DA:100,0
DA:118,1
DA:119,2
DA:120,2
DA:122,2
DA:123,2
DA:125,2
DA:126,2
DA:127,1
DA:129,1
DA:130,1
DA:132,1
DA:133,1
DA:138,1
DA:140,0
DA:141,0
DA:145,1
LF:77
LH:63
BRDA:5,0,0,0
BRDA:5,1,0,0
BRDA:5,2,0,0
BRDA:39,3,0,1
BRDA:39,3,1,1
BRDA:53,4,0,1
BRDA:53,4,1,1
BRDA:67,5,0,1
BRDA:67,5,1,1
BRDA:82,6,0,1
BRDA:82,6,1,2
BRDA:86,7,0,1
BRDA:86,7,1,1
BRDA:126,8,0,1
BRDA:126,8,1,1
BRDA:132,9,0,1
BRDA:132,9,1,0
BRF:17
BRH:13
end_of_record
TN:
SF:controllers\findEventsForUser.js
FN:6,(anonymous_0)
FN:26,(anonymous_1)
FNF:2
FNH:2
FNDA:1,(anonymous_0)
FNDA:4,(anonymous_1)
DA:1,1
DA:2,1
DA:3,1
DA:4,1
DA:6,1
DA:7,1
DA:8,1
DA:9,1
DA:10,1
DA:11,0
DA:13,1
DA:19,1
DA:21,0
DA:22,0
DA:26,1
DA:27,4
DA:29,4
DA:30,1
DA:33,3
DA:34,3
DA:35,3
DA:37,3
DA:38,1
DA:42,2
DA:43,1
DA:45,1
DA:49,1
DA:50,1
DA:52,0
DA:56,1
DA:57,1
DA:58,1
DA:60,0
DA:61,0
DA:65,1
LF:35
LH:29
BRDA:10,0,0,0
BRDA:10,0,1,1
BRDA:19,1,0,1
BRDA:19,1,1,0
BRDA:29,2,0,1
BRDA:29,2,1,3
BRDA:37,3,0,1
BRDA:37,3,1,2
BRDA:37,4,0,3
BRDA:37,4,1,2
BRDA:42,5,0,1
BRDA:42,5,1,1
BRDA:49,6,0,1
BRDA:49,6,1,0
BRF:14
BRH:11
end_of_record
TN:
SF:controllers\getAssignedEvents.js
FN:3,(anonymous_0)
FNF:1
FNH:1
FNDA:3,(anonymous_0)
DA:1,1
DA:3,1
DA:4,3
DA:5,3
DA:6,3
DA:7,3
DA:8,1
DA:10,2
DA:12,0
DA:13,0
DA:17,1
LF:11
LH:9
BRDA:7,0,0,1
BRDA:7,0,1,2
BRDA:10,1,0,2
BRDA:10,1,1,0
BRF:4
BRH:3
end_of_record
TN:
SF:controllers\notificationController.js
FN:7,(anonymous_0)
FN:27,(anonymous_1)
FN:38,(anonymous_2)
FN:62,(anonymous_3)
FN:86,(anonymous_4)
FN:117,(anonymous_5)
FN:136,(anonymous_6)
FN:146,(anonymous_7)
FNF:8
FNH:8
FNDA:3,(anonymous_0)
FNDA:1,(anonymous_1)
FNDA:3,(anonymous_2)
FNDA:3,(anonymous_3)
FNDA:2,(anonymous_4)
FNDA:3,(anonymous_5)
FNDA:1,(anonymous_6)
FNDA:1,(anonymous_7)
DA:1,1
DA:2,1
DA:3,1
DA:4,1
DA:5,1
DA:7,1
DA:8,3
DA:9,3
DA:10,3
DA:11,3
DA:17,3
DA:18,3
DA:20,0
DA:23,0
DA:27,1
DA:28,1
DA:29,1
DA:30,1
DA:31,0
DA:33,1
DA:34,1
DA:35,1
DA:38,1
DA:39,3
DA:41,3
DA:42,1
DA:45,2
DA:46,2
DA:47,2
DA:48,1
DA:50,1
DA:51,1
DA:52,1
DA:53,1
DA:55,1
DA:57,0
DA:58,0
DA:62,1
DA:63,3
DA:65,3
DA:66,1
DA:69,2
DA:70,2
DA:71,2
DA:72,1
DA:74,1
DA:75,1
DA:76,1
DA:77,1
DA:79,1
DA:81,0
DA:82,0
DA:86,1
DA:87,2
DA:89,2
DA:90,2
DA:91,2
DA:92,1
DA:94,1
DA:95,1
DA:96,1
DA:97,1
DA:98,1
DA:103,1
DA:104,1
DA:105,1
DA:106,1
DA:110,1
DA:112,0
DA:113,0
DA:117,1
DA:118,3
DA:120,3
DA:121,1
DA:124,2
DA:125,2
DA:126,2
DA:127,1
DA:129,1
DA:131,0
DA:132,0
DA:136,1
DA:137,1
DA:138,1
DA:139,1
DA:141,0
DA:142,0
DA:146,1
DA:147,1
DA:148,1
DA:149,1
DA:150,1
DA:152,0
DA:153,0
DA:157,1
LF:95
LH:80
BRDA:10,0,0,3
BRDA:10,0,1,0
BRDA:30,1,0,0
BRDA:30,1,1,1
BRDA:41,2,0,1
BRDA:41,2,1,2
BRDA:47,3,0,1
BRDA:47,3,1,1
BRDA:65,4,0,1
BRDA:65,4,1,2
BRDA:71,5,0,1
BRDA:71,5,1,1
BRDA:91,6,0,1
BRDA:91,6,1,1
BRDA:97,7,0,1
BRDA:97,7,1,0
BRDA:97,8,0,1
BRDA:97,8,1,1
BRDA:103,9,0,1
BRDA:103,9,1,0
BRDA:120,10,0,1
BRDA:120,10,1,2
BRDA:126,11,0,1
BRDA:126,11,1,1
BRF:24
BRH:20
end_of_record
TN:
SF:controllers\reportController.js
FN:26,(anonymous_0)
FN:31,(anonymous_1)
FN:40,(anonymous_2)
FN:59,(anonymous_3)
FN:61,(anonymous_4)
FN:71,(anonymous_5)
FN:74,(anonymous_6)
FN:85,(anonymous_7)
FN:98,(anonymous_8)
FN:118,(anonymous_9)
FN:119,(anonymous_10)
FN:126,(anonymous_11)
FN:127,(anonymous_12)
FN:140,(anonymous_13)
FN:161,(anonymous_14)
FN:166,(anonymous_15)
FN:167,(anonymous_16)
FN:167,(anonymous_17)
FN:168,(anonymous_18)
FN:168,(anonymous_19)
FN:180,(anonymous_20)
FN:185,(anonymous_21)
FN:186,(anonymous_22)
FN:187,(anonymous_23)
FN:187,(anonymous_24)
FN:188,(anonymous_25)
FN:188,(anonymous_26)
FN:201,(anonymous_27)
FN:205,(anonymous_28)
FN:208,(anonymous_29)
FN:210,(anonymous_30)
FN:211,(anonymous_31)
FN:211,(anonymous_32)
FN:223,(anonymous_33)
FN:227,(anonymous_34)
FN:230,(anonymous_35)
FN:231,(anonymous_36)
FN:232,(anonymous_37)
FN:233,(anonymous_38)
FN:234,(anonymous_39)
FN:234,(anonymous_40)
FNF:41
FNH:37
FNDA:2,(anonymous_0)
FNDA:2,(anonymous_1)
FNDA:45,(anonymous_2)
FNDA:6,(anonymous_3)
FNDA:27,(anonymous_4)
FNDA:4,(anonymous_5)
FNDA:18,(anonymous_6)
FNDA:19,(anonymous_7)
FNDA:9,(anonymous_8)
FNDA:2,(anonymous_9)
FNDA:9,(anonymous_10)
FNDA:2,(anonymous_11)
FNDA:9,(anonymous_12)
FNDA:2,(anonymous_13)
FNDA:1,(anonymous_14)
FNDA:1,(anonymous_15)
FNDA:1,(anonymous_16)
FNDA:0,(anonymous_17)
FNDA:1,(anonymous_18)
FNDA:0,(anonymous_19)
FNDA:1,(anonymous_20)
FNDA:1,(anonymous_21)
FNDA:1,(anonymous_22)
FNDA:1,(anonymous_23)
FNDA:0,(anonymous_24)
FNDA:1,(anonymous_25)
FNDA:0,(anonymous_26)
FNDA:1,(anonymous_27)
FNDA:1,(anonymous_28)
FNDA:1,(anonymous_29)
FNDA:1,(anonymous_30)
FNDA:1,(anonymous_31)
FNDA:1,(anonymous_32)
FNDA:1,(anonymous_33)
FNDA:1,(anonymous_34)
FNDA:1,(anonymous_35)
FNDA:1,(anonymous_36)
FNDA:1,(anonymous_37)
FNDA:1,(anonymous_38)
FNDA:1,(anonymous_39)
FNDA:1,(anonymous_40)
DA:1,1
DA:2,1
DA:3,1
DA:4,1
DA:26,1
DA:27,2
DA:28,2
DA:31,1
DA:32,2
DA:33,2
DA:34,2
DA:35,2
DA:36,2
DA:37,2
DA:38,2
DA:40,2
DA:41,45
DA:42,45
DA:43,45
DA:45,45
DA:46,44
DA:47,44
DA:48,44
DA:49,41
DA:51,3
DA:52,3
DA:55,45
DA:56,45
DA:59,2
DA:60,6
DA:61,6
DA:62,27
DA:63,27
DA:64,27
DA:65,8
DA:68,6
DA:71,2
DA:72,4
DA:73,4
DA:74,4
DA:75,18
DA:76,18
DA:77,18
DA:85,18
DA:86,19
DA:93,18
DA:95,4
DA:98,2
DA:99,9
DA:100,2
DA:101,7
DA:102,1
DA:103,6
DA:104,1
DA:105,5
DA:106,1
DA:107,4
DA:108,2
DA:109,2
DA:110,1
DA:111,1
DA:112,1
DA:114,0
DA:118,2
DA:119,9
DA:120,2
DA:123,2
DA:126,2
DA:127,9
DA:128,2
DA:131,2
DA:132,0
DA:133,0
DA:136,2
DA:140,2
DA:141,2
DA:151,2
DA:154,2
DA:156,2
DA:157,2
DA:161,1
DA:162,1
DA:163,1
DA:164,1
DA:166,1
DA:167,1
DA:168,1
DA:170,1
DA:171,1
DA:172,1
DA:173,1
DA:175,0
DA:176,0
DA:180,1
DA:181,1
DA:182,1
DA:183,1
DA:184,1
DA:185,1
DA:186,1
DA:187,1
DA:188,1
DA:190,1
DA:191,1
DA:192,1
DA:193,1
DA:194,1
DA:196,0
DA:197,0
DA:201,1
DA:202,1
DA:203,1
DA:204,1
DA:205,1
DA:206,1
DA:208,1
DA:210,1
DA:211,1
DA:213,1
DA:214,1
DA:215,1
DA:216,1
DA:218,0
DA:219,0
DA:223,1
DA:224,1
DA:225,1
DA:226,1
DA:227,1
DA:228,1
DA:229,1
DA:230,1
DA:231,1
DA:232,1
DA:233,1
DA:234,1
DA:236,1
DA:237,1
DA:238,1
DA:239,1
DA:240,1
DA:242,0
DA:243,0
DA:247,1
LF:144
LH:133
BRDA:48,0,0,41
BRDA:48,0,1,3
BRDA:64,1,0,8
BRDA:64,1,1,19
BRDA:99,2,0,2
BRDA:99,2,1,7
BRDA:99,3,0,9
BRDA:99,3,1,8
BRDA:101,4,0,1
BRDA:101,4,1,6
BRDA:103,5,0,1
BRDA:103,5,1,5
BRDA:105,6,0,1
BRDA:105,6,1,4
BRDA:107,7,0,2
BRDA:107,7,1,2
BRDA:107,8,0,4
BRDA:107,8,1,3
BRDA:109,9,0,1
BRDA:109,9,1,1
BRDA:111,10,0,1
BRDA:111,10,1,0
BRDA:131,11,0,0
BRDA:131,11,1,2
BRDA:210,12,0,1
BRDA:210,12,1,0
BRDA:211,13,0,1
BRDA:211,13,1,0
BRDA:232,14,0,1
BRDA:232,14,1,0
BRDA:234,15,0,1
BRDA:234,15,1,0
BRF:32
BRH:26
end_of_record
TN:
SF:controllers\volunteerController.js
FN:4,(anonymous_0)
FN:21,(anonymous_1)
FN:44,(anonymous_2)
FNF:3
FNH:3
FNDA:2,(anonymous_0)
FNDA:2,(anonymous_1)
FNDA:4,(anonymous_2)
DA:1,1
DA:2,1
DA:4,1
DA:5,2
DA:7,2
DA:8,2
DA:9,2
DA:10,2
DA:14,1
DA:16,1
DA:17,1
DA:21,1
DA:22,2
DA:23,2
DA:24,2
DA:25,2
DA:26,2
DA:27,1
DA:29,1
DA:30,1
DA:31,1
DA:32,1
DA:37,1
DA:39,0
DA:40,0
DA:44,1
DA:45,4
DA:47,4
DA:48,1
DA:51,3
DA:52,3
DA:59,2
DA:60,1
DA:62,1
DA:64,1
DA:65,1
DA:70,1
LF:37
LH:35
BRDA:5,0,0,1
BRDA:5,1,0,1
BRDA:5,2,0,1
BRDA:26,3,0,1
BRDA:26,3,1,1
BRDA:31,4,0,1
BRDA:31,4,1,0
BRDA:47,5,0,1
BRDA:47,5,1,3
BRDA:59,6,0,1
BRDA:59,6,1,1
BRF:11
BRH:10
end_of_record
TN:
SF:controllers\volunteerHistoryController.js
FN:4,(anonymous_0)
FN:15,(anonymous_1)
FNF:2
FNH:2
FNDA:2,(anonymous_0)
FNDA:1,(anonymous_1)
DA:1,1
DA:2,1
DA:4,1
DA:5,2
DA:6,2
DA:7,2
DA:8,2
DA:9,1
DA:11,1
DA:15,1
DA:22,1
DA:24,0
DA:25,0
DA:29,1
LF:14
LH:12
BRDA:8,0,0,1
BRDA:8,0,1,1
BRF:2
BRH:2
end_of_record
TN:
SF:models\EventModel.js
FNF:0
FNH:0
DA:1,7
DA:3,7
DA:19,7
DA:21,7
LF:4
LH:4
BRF:0
BRH:0
end_of_record
TN:
SF:models\NotificationModel.js
FNF:0
FNH:0
DA:1,2
DA:3,2
DA:10,2
DA:12,2
LF:4
LH:4
BRF:0
BRH:0
end_of_record
TN:
SF:models\UserProfileModel.js
FNF:0
FNH:0
DA:1,9
DA:3,9
DA:19,9
DA:21,9
LF:4
LH:4
BRF:0
BRH:0
end_of_record
